2025-08-16T03:00:07.372+05:30  INFO [NOTIFICATION-SERVICE,,] 14756 --- [NOTIFICATION-SERVICE] [restartedMain] [                                                 ] c.w.a.NotificationServiceApplication     : Starting NotificationServiceApplication using Java 21.0.7 with PID 14756 (C:\Users\aksha\wipro training\java\microservices project\NotificationService\target\classes started by aksha in C:\Users\aksha\wipro training\java\microservices project\NotificationService)
2025-08-16T03:00:07.373+05:30  INFO [NOTIFICATION-SERVICE,,] 14756 --- [NOTIFICATION-SERVICE] [restartedMain] [                                                 ] c.w.a.NotificationServiceApplication     : No active profile set, falling back to 1 default profile: "default"
2025-08-16T03:00:07.375+05:30  INFO [NOTIFICATION-SERVICE,,] 14756 --- [NOTIFICATION-SERVICE] [restartedMain] [                                                 ] o.s.c.c.c.ConfigServerConfigDataLoader   : Fetching config from server at : http://localhost:9095
2025-08-16T03:00:07.375+05:30  INFO [NOTIFICATION-SERVICE,,] 14756 --- [NOTIFICATION-SERVICE] [restartedMain] [                                                 ] o.s.c.c.c.ConfigServerConfigDataLoader   : Located environment: name=NOTIFICATION-SERVICE, profiles=[default], label=null, version=b8a72cceb9d4a9fe72913f898db8c654de14d1ca, state=
2025-08-16T03:00:07.848+05:30  INFO [NOTIFICATION-SERVICE,,] 14756 --- [NOTIFICATION-SERVICE] [restartedMain] [                                                 ] .s.d.r.c.RepositoryConfigurationDelegate : Bootstrapping Spring Data JPA repositories in DEFAULT mode.
2025-08-16T03:00:07.860+05:30  INFO [NOTIFICATION-SERVICE,,] 14756 --- [NOTIFICATION-SERVICE] [restartedMain] [                                                 ] .s.d.r.c.RepositoryConfigurationDelegate : Finished Spring Data repository scanning in 10 ms. Found 1 JPA repository interface.
2025-08-16T03:00:07.937+05:30  INFO [NOTIFICATION-SERVICE,,] 14756 --- [NOTIFICATION-SERVICE] [restartedMain] [                                                 ] o.s.cloud.context.scope.GenericScope     : BeanFactory id=be2447c2-3af0-3dd2-acb8-a959c5beb7ea
2025-08-16T03:00:08.026+05:30  INFO [NOTIFICATION-SERVICE,,] 14756 --- [NOTIFICATION-SERVICE] [restartedMain] [                                                 ] o.s.b.w.embedded.tomcat.TomcatWebServer  : Tomcat initialized with port 8084 (http)
2025-08-16T03:00:08.027+05:30  INFO [NOTIFICATION-SERVICE,,] 14756 --- [NOTIFICATION-SERVICE] [restartedMain] [                                                 ] o.apache.catalina.core.StandardService   : Starting service [Tomcat]
2025-08-16T03:00:08.027+05:30  INFO [NOTIFICATION-SERVICE,,] 14756 --- [NOTIFICATION-SERVICE] [restartedMain] [                                                 ] o.apache.catalina.core.StandardEngine    : Starting Servlet engine: [Apache Tomcat/10.1.43]
2025-08-16T03:00:08.064+05:30  INFO [NOTIFICATION-SERVICE,,] 14756 --- [NOTIFICATION-SERVICE] [restartedMain] [                                                 ] o.a.c.c.C.[Tomcat].[localhost].[/]       : Initializing Spring embedded WebApplicationContext
2025-08-16T03:00:08.064+05:30  INFO [NOTIFICATION-SERVICE,,] 14756 --- [NOTIFICATION-SERVICE] [restartedMain] [                                                 ] w.s.c.ServletWebServerApplicationContext : Root WebApplicationContext: initialization completed in 689 ms
2025-08-16T03:00:08.189+05:30  INFO [NOTIFICATION-SERVICE,,] 14756 --- [NOTIFICATION-SERVICE] [restartedMain] [                                                 ] o.hibernate.jpa.internal.util.LogHelper  : HHH000204: Processing PersistenceUnitInfo [name: default]
2025-08-16T03:00:08.194+05:30  INFO [NOTIFICATION-SERVICE,,] 14756 --- [NOTIFICATION-SERVICE] [restartedMain] [                                                 ] o.h.c.internal.RegionFactoryInitiator    : HHH000026: Second-level cache disabled
2025-08-16T03:00:08.206+05:30  INFO [NOTIFICATION-SERVICE,,] 14756 --- [NOTIFICATION-SERVICE] [restartedMain] [                                                 ] o.s.o.j.p.SpringPersistenceUnitInfo      : No LoadTimeWeaver setup: ignoring JPA class transformer
2025-08-16T03:00:08.208+05:30  INFO [NOTIFICATION-SERVICE,,] 14756 --- [NOTIFICATION-SERVICE] [restartedMain] [                                                 ] com.zaxxer.hikari.HikariDataSource       : HikariPool-2 - Starting...
2025-08-16T03:00:08.219+05:30  INFO [NOTIFICATION-SERVICE,,] 14756 --- [NOTIFICATION-SERVICE] [restartedMain] [                                                 ] com.zaxxer.hikari.pool.HikariPool        : HikariPool-2 - Added connection com.mysql.cj.jdbc.ConnectionImpl@61b7f06b
2025-08-16T03:00:08.220+05:30  INFO [NOTIFICATION-SERVICE,,] 14756 --- [NOTIFICATION-SERVICE] [restartedMain] [                                                 ] com.zaxxer.hikari.HikariDataSource       : HikariPool-2 - Start completed.
2025-08-16T03:00:08.222+05:30  WARN [NOTIFICATION-SERVICE,,] 14756 --- [NOTIFICATION-SERVICE] [restartedMain] [                                                 ] org.hibernate.orm.deprecation            : HHH90000025: MySQLDialect does not need to be specified explicitly using 'hibernate.dialect' (remove the property setting and it will be selected by default)
2025-08-16T03:00:08.222+05:30  INFO [NOTIFICATION-SERVICE,,] 14756 --- [NOTIFICATION-SERVICE] [restartedMain] [                                                 ] org.hibernate.orm.connections.pooling    : HHH10001005: Database info:
	Database JDBC URL [Connecting through datasource 'HikariDataSource (HikariPool-2)']
	Database driver: undefined/unknown
	Database version: 8.0.37
	Autocommit mode: undefined/unknown
	Isolation level: undefined/unknown
	Minimum pool size: undefined/unknown
	Maximum pool size: undefined/unknown
2025-08-16T03:00:08.265+05:30  INFO [NOTIFICATION-SERVICE,,] 14756 --- [NOTIFICATION-SERVICE] [restartedMain] [                                                 ] o.h.e.t.j.p.i.JtaPlatformInitiator       : HHH000489: No JTA platform available (set 'hibernate.transaction.jta.platform' to enable JTA platform integration)
2025-08-16T03:00:08.273+05:30  INFO [NOTIFICATION-SERVICE,,] 14756 --- [NOTIFICATION-SERVICE] [restartedMain] [                                                 ] j.LocalContainerEntityManagerFactoryBean : Initialized JPA EntityManagerFactory for persistence unit 'default'
2025-08-16T03:00:08.349+05:30  WARN [NOTIFICATION-SERVICE,,] 14756 --- [NOTIFICATION-SERVICE] [restartedMain] [                                                 ] JpaBaseConfiguration$JpaWebConfiguration : spring.jpa.open-in-view is enabled by default. Therefore, database queries may be performed during view rendering. Explicitly configure spring.jpa.open-in-view to disable this warning
2025-08-16T03:00:08.586+05:30  WARN [NOTIFICATION-SERVICE,,] 14756 --- [NOTIFICATION-SERVICE] [restartedMain] [                                                 ] o.s.b.d.a.OptionalLiveReloadServer       : Unable to start LiveReload server
2025-08-16T03:00:08.599+05:30  INFO [NOTIFICATION-SERVICE,,] 14756 --- [NOTIFICATION-SERVICE] [restartedMain] [                                                 ] DiscoveryClientOptionalArgsConfiguration : Eureka HTTP Client uses RestTemplate.
2025-08-16T03:00:08.608+05:30  WARN [NOTIFICATION-SERVICE,,] 14756 --- [NOTIFICATION-SERVICE] [restartedMain] [                                                 ] iguration$LoadBalancerCaffeineWarnLogger : Spring Cloud LoadBalancer is currently working with the default cache. While this cache implementation is useful for development and tests, it's recommended to use Caffeine cache in production.You can switch to using Caffeine cache, by adding it and org.springframework.cache.caffeine.CaffeineCacheManager to the classpath.
2025-08-16T03:00:08.616+05:30  INFO [NOTIFICATION-SERVICE,,] 14756 --- [NOTIFICATION-SERVICE] [restartedMain] [                                                 ] o.s.b.a.e.web.EndpointLinksResolver      : Exposing 18 endpoints beneath base path '/actuator'
2025-08-16T03:00:08.680+05:30  INFO [NOTIFICATION-SERVICE,,] 14756 --- [NOTIFICATION-SERVICE] [restartedMain] [                                                 ] o.s.c.n.eureka.InstanceInfoFactory       : Setting initial instance status as: STARTING
2025-08-16T03:00:08.683+05:30  INFO [NOTIFICATION-SERVICE,,] 14756 --- [NOTIFICATION-SERVICE] [restartedMain] [                                                 ] com.netflix.discovery.DiscoveryClient    : Initializing Eureka in region us-east-1
2025-08-16T03:00:08.683+05:30  INFO [NOTIFICATION-SERVICE,,] 14756 --- [NOTIFICATION-SERVICE] [restartedMain] [                                                 ] c.n.d.s.r.aws.ConfigClusterResolver      : Resolving eureka endpoints via configuration
2025-08-16T03:00:08.683+05:30  INFO [NOTIFICATION-SERVICE,,] 14756 --- [NOTIFICATION-SERVICE] [restartedMain] [                                                 ] com.netflix.discovery.DiscoveryClient    : Disable delta property : false
2025-08-16T03:00:08.683+05:30  INFO [NOTIFICATION-SERVICE,,] 14756 --- [NOTIFICATION-SERVICE] [restartedMain] [                                                 ] com.netflix.discovery.DiscoveryClient    : Single vip registry refresh property : null
2025-08-16T03:00:08.683+05:30  INFO [NOTIFICATION-SERVICE,,] 14756 --- [NOTIFICATION-SERVICE] [restartedMain] [                                                 ] com.netflix.discovery.DiscoveryClient    : Force full registry fetch : false
2025-08-16T03:00:08.683+05:30  INFO [NOTIFICATION-SERVICE,,] 14756 --- [NOTIFICATION-SERVICE] [restartedMain] [                                                 ] com.netflix.discovery.DiscoveryClient    : Application is null : false
2025-08-16T03:00:08.683+05:30  INFO [NOTIFICATION-SERVICE,,] 14756 --- [NOTIFICATION-SERVICE] [restartedMain] [                                                 ] com.netflix.discovery.DiscoveryClient    : Registered Applications size is zero : true
2025-08-16T03:00:08.683+05:30  INFO [NOTIFICATION-SERVICE,,] 14756 --- [NOTIFICATION-SERVICE] [restartedMain] [                                                 ] com.netflix.discovery.DiscoveryClient    : Application version is -1: true
2025-08-16T03:00:08.683+05:30  INFO [NOTIFICATION-SERVICE,,] 14756 --- [NOTIFICATION-SERVICE] [restartedMain] [                                                 ] com.netflix.discovery.DiscoveryClient    : Getting all instance registry info from the eureka server
2025-08-16T03:00:08.711+05:30  INFO [NOTIFICATION-SERVICE,,] 14756 --- [NOTIFICATION-SERVICE] [restartedMain] [                                                 ] com.netflix.discovery.DiscoveryClient    : The response status is 200
2025-08-16T03:00:08.711+05:30  INFO [NOTIFICATION-SERVICE,,] 14756 --- [NOTIFICATION-SERVICE] [restartedMain] [                                                 ] com.netflix.discovery.DiscoveryClient    : Starting heartbeat executor: renew interval is: 30
2025-08-16T03:00:08.711+05:30  INFO [NOTIFICATION-SERVICE,,] 14756 --- [NOTIFICATION-SERVICE] [restartedMain] [                                                 ] c.n.discovery.InstanceInfoReplicator     : InstanceInfoReplicator onDemand update allowed rate per min is 4
2025-08-16T03:00:08.711+05:30  INFO [NOTIFICATION-SERVICE,,] 14756 --- [NOTIFICATION-SERVICE] [restartedMain] [                                                 ] com.netflix.discovery.DiscoveryClient    : Discovery Client initialized at timestamp 1755293408711 with initial instances count: 6
2025-08-16T03:00:08.713+05:30  INFO [NOTIFICATION-SERVICE,,] 14756 --- [NOTIFICATION-SERVICE] [restartedMain] [                                                 ] o.s.c.n.e.s.EurekaServiceRegistry        : Registering application NOTIFICATION-SERVICE with eureka with status UP
2025-08-16T03:00:08.713+05:30  INFO [NOTIFICATION-SERVICE,,] 14756 --- [NOTIFICATION-SERVICE] [restartedMain] [                                                 ] com.netflix.discovery.DiscoveryClient    : Saw local status change event StatusChangeEvent [timestamp=1755293408713, current=UP, previous=STARTING]
2025-08-16T03:00:08.713+05:30  INFO [NOTIFICATION-SERVICE,,] 14756 --- [NOTIFICATION-SERVICE] [DiscoveryClient-InstanceInfoReplicator-%d] [                                                 ] com.netflix.discovery.DiscoveryClient    : DiscoveryClient_NOTIFICATION-SERVICE/Akshay:NOTIFICATION-SERVICE:8084: registering service...
2025-08-16T03:00:08.717+05:30  INFO [NOTIFICATION-SERVICE,,] 14756 --- [NOTIFICATION-SERVICE] [restartedMain] [                                                 ] o.s.b.w.embedded.tomcat.TomcatWebServer  : Tomcat started on port 8084 (http) with context path '/'
2025-08-16T03:00:08.717+05:30  INFO [NOTIFICATION-SERVICE,,] 14756 --- [NOTIFICATION-SERVICE] [restartedMain] [                                                 ] .s.c.n.e.s.EurekaAutoServiceRegistration : Updating port to 8084
2025-08-16T03:00:08.724+05:30  INFO [NOTIFICATION-SERVICE,,] 14756 --- [NOTIFICATION-SERVICE] [DiscoveryClient-InstanceInfoReplicator-%d] [                                                 ] com.netflix.discovery.DiscoveryClient    : DiscoveryClient_NOTIFICATION-SERVICE/Akshay:NOTIFICATION-SERVICE:8084 - registration status: 204
2025-08-16T03:00:08.729+05:30  INFO [NOTIFICATION-SERVICE,,] 14756 --- [NOTIFICATION-SERVICE] [restartedMain] [                                                 ] c.w.a.NotificationServiceApplication     : Started NotificationServiceApplication in 2.538 seconds (process running for 2996.542)
2025-08-16T03:00:08.734+05:30  INFO [NOTIFICATION-SERVICE,,] 14756 --- [NOTIFICATION-SERVICE] [restartedMain] [                                                 ] .ConditionEvaluationDeltaLoggingListener : Condition evaluation delta:


==========================
CONDITION EVALUATION DELTA
==========================


Positive matches:
-----------------

   LogFileWebEndpointAutoConfiguration#logFileWebEndpoint matched:
      - Log File found logging.file.name logs/app.log (LogFileWebEndpointAutoConfiguration.LogFileCondition)
      - @ConditionalOnMissingBean (types: org.springframework.boot.actuate.logging.LogFileWebEndpoint; SearchStrategy: all) did not find any beans (OnBeanCondition)


Negative matches:
-----------------

    None


Exclusions:
-----------

    None


Unconditional classes:
----------------------

    None



2025-08-16T03:00:09.567+05:30  INFO [NOTIFICATION-SERVICE,,] 14756 --- [NOTIFICATION-SERVICE] [http-nio-8084-exec-1] [                                                 ] o.a.c.c.C.[Tomcat].[localhost].[/]       : Initializing Spring DispatcherServlet 'dispatcherServlet'
2025-08-16T03:00:09.567+05:30  INFO [NOTIFICATION-SERVICE,,] 14756 --- [NOTIFICATION-SERVICE] [http-nio-8084-exec-1] [                                                 ] o.s.web.servlet.DispatcherServlet        : Initializing Servlet 'dispatcherServlet'
2025-08-16T03:00:09.568+05:30  INFO [NOTIFICATION-SERVICE,,] 14756 --- [NOTIFICATION-SERVICE] [http-nio-8084-exec-1] [                                                 ] o.s.web.servlet.DispatcherServlet        : Completed initialization in 1 ms
2025-08-16T03:05:08.685+05:30  INFO [NOTIFICATION-SERVICE,,] 14756 --- [NOTIFICATION-SERVICE] [AsyncResolver-bootstrap-executor-%d] [                                                 ] c.n.d.s.r.aws.ConfigClusterResolver      : Resolving eureka endpoints via configuration
2025-08-16T03:10:08.689+05:30  INFO [NOTIFICATION-SERVICE,,] 14756 --- [NOTIFICATION-SERVICE] [AsyncResolver-bootstrap-executor-%d] [                                                 ] c.n.d.s.r.aws.ConfigClusterResolver      : Resolving eureka endpoints via configuration
2025-08-16T03:15:08.697+05:30  INFO [NOTIFICATION-SERVICE,,] 14756 --- [NOTIFICATION-SERVICE] [AsyncResolver-bootstrap-executor-%d] [                                                 ] c.n.d.s.r.aws.ConfigClusterResolver      : Resolving eureka endpoints via configuration
2025-08-16T03:20:08.705+05:30  INFO [NOTIFICATION-SERVICE,,] 14756 --- [NOTIFICATION-SERVICE] [AsyncResolver-bootstrap-executor-%d] [                                                 ] c.n.d.s.r.aws.ConfigClusterResolver      : Resolving eureka endpoints via configuration
2025-08-16T03:25:08.708+05:30  INFO [NOTIFICATION-SERVICE,,] 14756 --- [NOTIFICATION-SERVICE] [AsyncResolver-bootstrap-executor-%d] [                                                 ] c.n.d.s.r.aws.ConfigClusterResolver      : Resolving eureka endpoints via configuration
2025-08-16T03:26:13.483+05:30  INFO [NOTIFICATION-SERVICE,,] 14756 --- [NOTIFICATION-SERVICE] [RMI TCP Connection(89)-127.0.0.1] [                                                 ] inMXBeanRegistrar$SpringApplicationAdmin : Application shutdown requested.
2025-08-16T03:26:13.483+05:30  INFO [NOTIFICATION-SERVICE,,] 14756 --- [NOTIFICATION-SERVICE] [RMI TCP Connection(89)-127.0.0.1] [                                                 ] o.s.c.n.e.s.EurekaServiceRegistry        : Unregistering application NOTIFICATION-SERVICE with eureka with status DOWN
2025-08-16T03:26:13.484+05:30  INFO [NOTIFICATION-SERVICE,,] 14756 --- [NOTIFICATION-SERVICE] [RMI TCP Connection(89)-127.0.0.1] [                                                 ] com.netflix.discovery.DiscoveryClient    : Saw local status change event StatusChangeEvent [timestamp=1755294973484, current=DOWN, previous=UP]
2025-08-16T03:26:13.484+05:30  INFO [NOTIFICATION-SERVICE,,] 14756 --- [NOTIFICATION-SERVICE] [DiscoveryClient-InstanceInfoReplicator-%d] [                                                 ] com.netflix.discovery.DiscoveryClient    : DiscoveryClient_NOTIFICATION-SERVICE/Akshay:NOTIFICATION-SERVICE:8084: registering service...
2025-08-16T03:26:13.485+05:30  INFO [NOTIFICATION-SERVICE,,] 14756 --- [NOTIFICATION-SERVICE] [RMI TCP Connection(89)-127.0.0.1] [                                                 ] o.s.b.w.e.tomcat.GracefulShutdown        : Commencing graceful shutdown. Waiting for active requests to complete
2025-08-16T03:26:13.489+05:30  INFO [NOTIFICATION-SERVICE,,] 14756 --- [NOTIFICATION-SERVICE] [tomcat-shutdown] [                                                 ] o.s.b.w.e.tomcat.GracefulShutdown        : Graceful shutdown complete
2025-08-16T03:26:13.493+05:30  INFO [NOTIFICATION-SERVICE,,] 14756 --- [NOTIFICATION-SERVICE] [RMI TCP Connection(89)-127.0.0.1] [                                                 ] j.LocalContainerEntityManagerFactoryBean : Closing JPA EntityManagerFactory for persistence unit 'default'
2025-08-16T03:26:13.493+05:30  INFO [NOTIFICATION-SERVICE,,] 14756 --- [NOTIFICATION-SERVICE] [RMI TCP Connection(89)-127.0.0.1] [                                                 ] com.zaxxer.hikari.HikariDataSource       : HikariPool-2 - Shutdown initiated...
2025-08-16T03:26:13.495+05:30  INFO [NOTIFICATION-SERVICE,,] 14756 --- [NOTIFICATION-SERVICE] [RMI TCP Connection(89)-127.0.0.1] [                                                 ] com.zaxxer.hikari.HikariDataSource       : HikariPool-2 - Shutdown completed.
2025-08-16T03:26:13.504+05:30  INFO [NOTIFICATION-SERVICE,,] 14756 --- [NOTIFICATION-SERVICE] [DiscoveryClient-InstanceInfoReplicator-%d] [                                                 ] com.netflix.discovery.DiscoveryClient    : DiscoveryClient_NOTIFICATION-SERVICE/Akshay:NOTIFICATION-SERVICE:8084 - registration status: 204
2025-08-16T03:26:14.187+05:30  INFO [NOTIFICATION-SERVICE,,] 14756 --- [NOTIFICATION-SERVICE] [RMI TCP Connection(89)-127.0.0.1] [                                                 ] com.netflix.discovery.DiscoveryClient    : Shutting down DiscoveryClient ...
2025-08-16T03:26:17.188+05:30  INFO [NOTIFICATION-SERVICE,,] 14756 --- [NOTIFICATION-SERVICE] [RMI TCP Connection(89)-127.0.0.1] [                                                 ] com.netflix.discovery.DiscoveryClient    : Unregistering ...
2025-08-16T03:26:17.206+05:30  INFO [NOTIFICATION-SERVICE,,] 14756 --- [NOTIFICATION-SERVICE] [RMI TCP Connection(89)-127.0.0.1] [                                                 ] com.netflix.discovery.DiscoveryClient    : DiscoveryClient_NOTIFICATION-SERVICE/Akshay:NOTIFICATION-SERVICE:8084 - deregister  status: 200
2025-08-16T03:26:17.206+05:30  INFO [NOTIFICATION-SERVICE,,] 14756 --- [NOTIFICATION-SERVICE] [RMI TCP Connection(89)-127.0.0.1] [                                                 ] com.netflix.discovery.DiscoveryClient    : Completed shut down of DiscoveryClient
